<?xml version="1.0" encoding="UTF-8"?>
<!-- Generated by org.testng.reporters.JUnitReportReporter -->
<testsuite hostname="Shivani" failures="0" tests="2" name="com.automatepushpa.TestCases.CompareMovieDetails" time="48.978" errors="0" timestamp="2023-02-19T20:44:42 IST" skipped="0">
  <testcase classname="com.automatepushpa.TestCases.CompareMovieDetails" name="verifyCountryTest" time="16.860"/>
  <system-out/>
  <testcase classname="com.automatepushpa.TestCases.CompareMovieDetails" name="verifyReleaseDate" time="32.118"/>
  <system-out/>
</testsuite> <!-- com.automatepushpa.TestCases.CompareMovieDetails -->
